#
# There is insufficient memory for the Java Runtime Environment to continue.
# Native memory allocation (malloc) failed to allocate 1032176 bytes. Error detail: Chunk::new
# Possible reasons:
#   The system is out of physical RAM or swap space
#   This process is running with CompressedOops enabled, and the Java Heap may be blocking the growth of the native heap
# Possible solutions:
#   Reduce memory load on the system
#   Increase physical memory or swap space
#   Check if swap backing store is full
#   Decrease Java heap size (-Xmx/-Xms)
#   Decrease number of Java threads
#   Decrease Java thread stack sizes (-Xss)
#   Set larger code cache with -XX:ReservedCodeCacheSize=
#   JVM is running with Unscaled Compressed Oops mode in which the Java heap is
#     placed in the first 4GB address space. The Java Heap base address is the
#     maximum limit for the native heap growth. Please use -XX:HeapBaseMinAddress
#     to set the Java Heap base and to place the Java Heap above 4GB virtual address.
# This output file may be truncated or incomplete.
#
#  Out of Memory Error (arena.cpp:168), pid=15568, tid=16024
#
# JRE version: OpenJDK Runtime Environment Temurin-21.0.6+7 (21.0.6+7) (build 21.0.6+7-LTS)
# Java VM: OpenJDK 64-Bit Server VM Temurin-21.0.6+7 (21.0.6+7-LTS, mixed mode, sharing, tiered, compressed oops, compressed class ptrs, parallel gc, windows-amd64)
# No core dump will be written. Minidumps are not enabled by default on client versions of Windows
#

---------------  S U M M A R Y ------------

Command Line: --add-modules=ALL-SYSTEM --add-opens=java.base/java.util=ALL-UNNAMED --add-opens=java.base/java.lang=ALL-UNNAMED --add-opens=java.base/sun.nio.fs=ALL-UNNAMED -Declipse.application=org.eclipse.jdt.ls.core.id1 -Dosgi.bundles.defaultStartLevel=4 -Declipse.product=org.eclipse.jdt.ls.core.product -Djava.import.generatesMetadataFilesAtProjectRoot=false -DDetectVMInstallationsJob.disabled=true -Dfile.encoding=utf8 -XX:+UseParallelGC -XX:GCTimeRatio=4 -XX:AdaptiveSizePolicyWeight=90 -Dsun.zip.disableMemoryMapping=true -Xmx1G -Xms100m -Xlog:disable -javaagent:c:\Users\DELL\.vscode\extensions\redhat.java-1.41.1-win32-x64\lombok\lombok-1.18.36.jar -XX:+HeapDumpOnOutOfMemoryError -XX:HeapDumpPath=c:\Users\DELL\AppData\Roaming\Code\User\workspaceStorage\10034d9f1bb4afb6dbf02f64886c4731\redhat.java -Daether.dependencyCollector.impl=bf c:\Users\DELL\.vscode\extensions\redhat.java-1.41.1-win32-x64\server\plugins\org.eclipse.equinox.launcher_1.7.0.v20250331-1702.jar -configuration c:\Users\DELL\AppData\Roaming\Code\User\globalStorage\redhat.java\1.41.1\config_win -data c:\Users\DELL\AppData\Roaming\Code\User\workspaceStorage\10034d9f1bb4afb6dbf02f64886c4731\redhat.java\jdt_ws --pipe=\\.\pipe\lsp-e6a9f623f3bdd4897c3c4a3bf29843aa-sock

Host: 11th Gen Intel(R) Core(TM) i5-1135G7 @ 2.40GHz, 8 cores, 7G,  Windows 11 , 64 bit Build 26100 (10.0.26100.3775)
Time: Sat Apr 19 16:40:02 2025 India Standard Time elapsed time: 83.431065 seconds (0d 0h 1m 23s)

---------------  T H R E A D  ---------------

Current thread (0x0000024d4d70c3d0):  JavaThread "C2 CompilerThread0" daemon [_thread_in_native, id=16024, stack(0x000000fef0a00000,0x000000fef0b00000) (1024K)]


Current CompileTask:
C2:83431 9056       4       org.eclipse.osgi.container.ModuleDatabase$Persistence::addMap (289 bytes)

Stack: [0x000000fef0a00000,0x000000fef0b00000]
Native frames: (J=compiled Java code, j=interpreted, Vv=VM code, C=native code)
V  [jvm.dll+0x6cdee9]
V  [jvm.dll+0x8a83d1]
V  [jvm.dll+0x8aa8fe]
V  [jvm.dll+0x8aafe3]
V  [jvm.dll+0x27f706]
V  [jvm.dll+0xc500d]
V  [jvm.dll+0xc5543]
V  [jvm.dll+0x2f2acd]
V  [jvm.dll+0x5f6a2a]
V  [jvm.dll+0x250bb2]
V  [jvm.dll+0x250f6f]
V  [jvm.dll+0x249834]
V  [jvm.dll+0x246ec4]
V  [jvm.dll+0x1c75ee]
V  [jvm.dll+0x25685a]
V  [jvm.dll+0x254dfa]
V  [jvm.dll+0x3f0256]
V  [jvm.dll+0x851f8b]
V  [jvm.dll+0x6cc5ed]
C  [ucrtbase.dll+0x37b0]
C  [KERNEL32.DLL+0x2e8d7]
C  [ntdll.dll+0xb14fc]


---------------  P R O C E S S  ---------------

Threads class SMR info:
_java_thread_list=0x0000024d98920940, length=40, elements={
0x0000024d3934d610, 0x0000024d39409cd0, 0x0000024d3940d150, 0x0000024d4d705340,
0x0000024d4d705f90, 0x0000024d4d706be0, 0x0000024d4d709640, 0x0000024d4d70c3d0,
0x0000024d4d73e6f0, 0x0000024d901e1390, 0x0000024d90434ac0, 0x0000024d950275d0,
0x0000024d90b15420, 0x0000024d9501f140, 0x0000024d9501fb70, 0x0000024d9023db40,
0x0000024d90a37370, 0x0000024d902edf10, 0x0000024d902ed1f0, 0x0000024d902eec30,
0x0000024d902eb7b0, 0x0000024d902ee5a0, 0x0000024d902ecb60, 0x0000024d902ebe40,
0x0000024d902ed880, 0x0000024d902ec4d0, 0x0000024d958c29f0, 0x0000024d958c4ac0,
0x0000024d958c5150, 0x0000024d958c1cd0, 0x0000024d958c2360, 0x0000024d958c6500,
0x0000024d958c3080, 0x0000024d958c57e0, 0x0000024d958c5e70, 0x0000024d958c6b90,
0x0000024d958c3710, 0x0000024d958c7220, 0x0000024d958c3da0, 0x0000024d904e9010
}

Java Threads: ( => current thread )
  0x0000024d3934d610 JavaThread "main"                              [_thread_blocked, id=11280, stack(0x000000fef0000000,0x000000fef0100000) (1024K)]
  0x0000024d39409cd0 JavaThread "Reference Handler"          daemon [_thread_blocked, id=13468, stack(0x000000fef0400000,0x000000fef0500000) (1024K)]
  0x0000024d3940d150 JavaThread "Finalizer"                  daemon [_thread_blocked, id=22424, stack(0x000000fef0500000,0x000000fef0600000) (1024K)]
  0x0000024d4d705340 JavaThread "Signal Dispatcher"          daemon [_thread_blocked, id=23240, stack(0x000000fef0600000,0x000000fef0700000) (1024K)]
  0x0000024d4d705f90 JavaThread "Attach Listener"            daemon [_thread_blocked, id=5712, stack(0x000000fef0700000,0x000000fef0800000) (1024K)]
  0x0000024d4d706be0 JavaThread "Service Thread"             daemon [_thread_blocked, id=16672, stack(0x000000fef0800000,0x000000fef0900000) (1024K)]
  0x0000024d4d709640 JavaThread "Monitor Deflation Thread"   daemon [_thread_blocked, id=24240, stack(0x000000fef0900000,0x000000fef0a00000) (1024K)]
=>0x0000024d4d70c3d0 JavaThread "C2 CompilerThread0"         daemon [_thread_in_native, id=16024, stack(0x000000fef0a00000,0x000000fef0b00000) (1024K)]
  0x0000024d4d73e6f0 JavaThread "C1 CompilerThread0"         daemon [_thread_blocked, id=14424, stack(0x000000fef0b00000,0x000000fef0c00000) (1024K)]
  0x0000024d901e1390 JavaThread "Common-Cleaner"             daemon [_thread_blocked, id=11320, stack(0x000000fef0c00000,0x000000fef0d00000) (1024K)]
  0x0000024d90434ac0 JavaThread "Notification Thread"        daemon [_thread_blocked, id=7080, stack(0x000000fef0e00000,0x000000fef0f00000) (1024K)]
  0x0000024d950275d0 JavaThread "Active Thread: Equinox Container: 0b3b5588-b022-43bd-8c66-98c7fb6e81da"        [_thread_blocked, id=6584, stack(0x000000fef0d00000,0x000000fef0e00000) (1024K)]
  0x0000024d90b15420 JavaThread "Refresh Thread: Equinox Container: 0b3b5588-b022-43bd-8c66-98c7fb6e81da" daemon [_thread_blocked, id=20812, stack(0x000000fef1600000,0x000000fef1700000) (1024K)]
  0x0000024d9501f140 JavaThread "Framework Event Dispatcher: Equinox Container: 0b3b5588-b022-43bd-8c66-98c7fb6e81da" daemon [_thread_blocked, id=6072, stack(0x000000fef1800000,0x000000fef1900000) (1024K)]
  0x0000024d9501fb70 JavaThread "Start Level: Equinox Container: 0b3b5588-b022-43bd-8c66-98c7fb6e81da" daemon [_thread_blocked, id=4208, stack(0x000000fef1900000,0x000000fef1a00000) (1024K)]
  0x0000024d9023db40 JavaThread "Bundle File Closer"         daemon [_thread_blocked, id=12160, stack(0x000000fef1500000,0x000000fef1600000) (1024K)]
  0x0000024d90a37370 JavaThread "SCR Component Actor"        daemon [_thread_blocked, id=23980, stack(0x000000fef1a00000,0x000000fef1b00000) (1024K)]
  0x0000024d902edf10 JavaThread "Worker-JM"                         [_thread_blocked, id=19728, stack(0x000000fef1d00000,0x000000fef1e00000) (1024K)]
  0x0000024d902ed1f0 JavaThread "JNA Cleaner"                daemon [_thread_blocked, id=20236, stack(0x000000fef1e00000,0x000000fef1f00000) (1024K)]
  0x0000024d902eec30 JavaThread "Worker-0"                          [_thread_blocked, id=3936, stack(0x000000fef1c00000,0x000000fef1d00000) (1024K)]
  0x0000024d902eb7b0 JavaThread "Worker-1"                          [_thread_blocked, id=16448, stack(0x000000fef1f00000,0x000000fef2000000) (1024K)]
  0x0000024d902ee5a0 JavaThread "Java indexing"              daemon [_thread_blocked, id=13276, stack(0x000000fef2200000,0x000000fef2300000) (1024K)]
  0x0000024d902ecb60 JavaThread "Worker-2: Java indexing... "        [_thread_blocked, id=17956, stack(0x000000fef2500000,0x000000fef2600000) (1024K)]
  0x0000024d902ebe40 JavaThread "Worker-3"                          [_thread_blocked, id=18980, stack(0x000000fef2600000,0x000000fef2700000) (1024K)]
  0x0000024d902ed880 JavaThread "Worker-4"                          [_thread_blocked, id=23108, stack(0x000000fef2700000,0x000000fef2800000) (1024K)]
  0x0000024d902ec4d0 JavaThread "Worker-5: Building"                [_thread_in_native, id=10980, stack(0x000000fef2800000,0x000000fef2900000) (1024K)]
  0x0000024d958c29f0 JavaThread "Thread-2"                   daemon [_thread_in_native, id=25416, stack(0x000000fef2900000,0x000000fef2a00000) (1024K)]
  0x0000024d958c4ac0 JavaThread "Thread-3"                   daemon [_thread_in_native, id=15672, stack(0x000000fef2a00000,0x000000fef2b00000) (1024K)]
  0x0000024d958c5150 JavaThread "Thread-4"                   daemon [_thread_in_native, id=5308, stack(0x000000fef2b00000,0x000000fef2c00000) (1024K)]
  0x0000024d958c1cd0 JavaThread "Thread-5"                   daemon [_thread_in_native, id=16836, stack(0x000000fef2c00000,0x000000fef2d00000) (1024K)]
  0x0000024d958c2360 JavaThread "Thread-6"                   daemon [_thread_in_native, id=13912, stack(0x000000fef2d00000,0x000000fef2e00000) (1024K)]
  0x0000024d958c6500 JavaThread "Thread-7"                   daemon [_thread_in_native, id=1788, stack(0x000000fef2e00000,0x000000fef2f00000) (1024K)]
  0x0000024d958c3080 JavaThread "Thread-8"                   daemon [_thread_in_native, id=19856, stack(0x000000fef2f00000,0x000000fef3000000) (1024K)]
  0x0000024d958c57e0 JavaThread "Thread-9"                   daemon [_thread_in_native, id=17664, stack(0x000000fef3000000,0x000000fef3100000) (1024K)]
  0x0000024d958c5e70 JavaThread "Thread-10"                  daemon [_thread_in_native, id=1000, stack(0x000000fef3100000,0x000000fef3200000) (1024K)]
  0x0000024d958c6b90 JavaThread "pool-2-thread-1"                   [_thread_blocked, id=20200, stack(0x000000fef3200000,0x000000fef3300000) (1024K)]
  0x0000024d958c3710 JavaThread "Worker-6"                          [_thread_blocked, id=13044, stack(0x000000fef3300000,0x000000fef3400000) (1024K)]
  0x0000024d958c7220 JavaThread "WorkspaceEventsHandler"            [_thread_blocked, id=6148, stack(0x000000fef3400000,0x000000fef3500000) (1024K)]
  0x0000024d958c3da0 JavaThread "pool-1-thread-1"                   [_thread_blocked, id=23164, stack(0x000000fef3500000,0x000000fef3600000) (1024K)]
  0x0000024d904e9010 JavaThread "C2 CompilerThread1"         daemon [_thread_blocked, id=19572, stack(0x000000feeff00000,0x000000fef0000000) (1024K)]
Total: 40

Other Threads:
  0x0000024d393eea20 VMThread "VM Thread"                           [id=1964, stack(0x000000fef0300000,0x000000fef0400000) (1024K)]
  0x0000024d393b9e80 WatcherThread "VM Periodic Task Thread"        [id=7304, stack(0x000000fef0200000,0x000000fef0300000) (1024K)]
  0x0000024d3936aba0 WorkerThread "GC Thread#0"                     [id=21696, stack(0x000000fef0100000,0x000000fef0200000) (1024K)]
  0x0000024d907269a0 WorkerThread "GC Thread#1"                     [id=11592, stack(0x000000fef0f00000,0x000000fef1000000) (1024K)]
  0x0000024d90b98370 WorkerThread "GC Thread#2"                     [id=9516, stack(0x000000fef1000000,0x000000fef1100000) (1024K)]
  0x0000024d90b98710 WorkerThread "GC Thread#3"                     [id=18000, stack(0x000000fef1100000,0x000000fef1200000) (1024K)]
  0x0000024d907e70c0 WorkerThread "GC Thread#4"                     [id=23528, stack(0x000000fef1200000,0x000000fef1300000) (1024K)]
  0x0000024d90a8e810 WorkerThread "GC Thread#5"                     [id=8904, stack(0x000000fef1300000,0x000000fef1400000) (1024K)]
  0x0000024d90a8d990 WorkerThread "GC Thread#6"                     [id=19744, stack(0x000000fef1400000,0x000000fef1500000) (1024K)]
  0x0000024d90a8ebb0 WorkerThread "GC Thread#7"                     [id=4008, stack(0x000000fef1700000,0x000000fef1800000) (1024K)]
Total: 10

Threads with active compile tasks:
C2 CompilerThread0  83491 9056       4       org.eclipse.osgi.container.ModuleDatabase$Persistence::addMap (289 bytes)
C2 CompilerThread1  83491 9079   !   4       org.eclipse.jdt.internal.core.search.indexing.BinaryIndexer::indexDocument (1204 bytes)
Total: 2

VM state: at safepoint (normal execution)

VM Mutex/Monitor currently owned by a thread:  ([mutex/lock_event])
[0x00007ffd6de8e380] Threads_lock - owner thread: 0x0000024d393eea20
[0x00007ffd6de8e480] Heap_lock - owner thread: 0x0000024d902ee5a0

Heap address: 0x00000000c0000000, size: 1024 MB, Compressed Oops mode: 32-bit

CDS archive(s) mapped at: [0x0000024d4e000000-0x0000024d4eba0000-0x0000024d4eba0000), size 12189696, SharedBaseAddress: 0x0000024d4e000000, ArchiveRelocationMode: 1.
Compressed class space mapped at: 0x0000024d4f000000-0x0000024d8f000000, reserved size: 1073741824
Narrow klass base: 0x0000024d4e000000, Narrow klass shift: 0, Narrow klass range: 0x100000000

GC Precious Log:
 CardTable entry size: 512
 CPUs: 8 total, 8 available
 Memory: 7926M
 Large Page Support: Disabled
 NUMA Support: Disabled
 Compressed Oops: Enabled (32-bit)
 Alignments: Space 512K, Generation 512K, Heap 2M
 Heap Min Capacity: 100M
 Heap Initial Capacity: 100M
 Heap Max Capacity: 1G
 Pre-touch: Disabled
 Parallel Workers: 8

Heap:
 PSYoungGen      total 19456K, used 19453K [0x00000000eab00000, 0x00000000ec180000, 0x0000000100000000)
  eden space 15872K, 100% used [0x00000000eab00000,0x00000000eba80000,0x00000000eba80000)
  from space 3584K, 99% used [0x00000000eba80000,0x00000000ebdff428,0x00000000ebe00000)
  to   space 3584K, 99% used [0x00000000ebe00000,0x00000000ec17f570,0x00000000ec180000)
 ParOldGen       total 268288K, used 267919K [0x00000000c0000000, 0x00000000d0600000, 0x00000000eab00000)
  object space 268288K, 99% used [0x00000000c0000000,0x00000000d05a3e28,0x00000000d0600000)
 Metaspace       used 49428K, committed 50560K, reserved 1114112K
  class space    used 5116K, committed 5568K, reserved 1048576K

Card table byte_map: [0x0000024d38cf0000,0x0000024d38f00000] _byte_map_base: 0x0000024d386f0000

Marking Bits: (ParMarkBitMap*) 0x00007ffd6de93260
 Begin Bits: [0x0000024d4b540000, 0x0000024d4c540000)
 End Bits:   [0x0000024d4c540000, 0x0000024d4d540000)

Polling page: 0x0000024d38a80000

Metaspace:

Usage:
  Non-class:     43.27 MB used.
      Class:      5.00 MB used.
       Both:     48.27 MB used.

Virtual space:
  Non-class space:       64.00 MB reserved,      43.94 MB ( 69%) committed,  1 nodes.
      Class space:        1.00 GB reserved,       5.44 MB ( <1%) committed,  1 nodes.
             Both:        1.06 GB reserved,      49.38 MB (  5%) committed. 

Chunk freelists:
   Non-Class:  3.95 MB
       Class:  10.44 MB
        Both:  14.40 MB

MaxMetaspaceSize: unlimited
CompressedClassSpaceSize: 1.00 GB
Initial GC threshold: 21.00 MB
Current GC threshold: 82.31 MB
CDS: on
 - commit_granule_bytes: 65536.
 - commit_granule_words: 8192.
 - virtual_space_node_default_size: 8388608.
 - enlarge_chunks_in_place: 1.
 - use_allocation_guard: 0.


Internal statistics:

num_allocs_failed_limit: 6.
num_arena_births: 836.
num_arena_deaths: 14.
num_vsnodes_births: 2.
num_vsnodes_deaths: 0.
num_space_committed: 790.
num_space_uncommitted: 0.
num_chunks_returned_to_freelist: 20.
num_chunks_taken_from_freelist: 2974.
num_chunk_merges: 12.
num_chunk_splits: 1879.
num_chunks_enlarged: 1142.
num_inconsistent_stats: 0.

CodeHeap 'non-profiled nmethods': size=120000Kb used=6002Kb max_used=6099Kb free=113998Kb
 bounds [0x0000024d44010000, 0x0000024d44610000, 0x0000024d4b540000]
CodeHeap 'profiled nmethods': size=120000Kb used=16823Kb max_used=17468Kb free=103176Kb
 bounds [0x0000024d3c540000, 0x0000024d3d650000, 0x0000024d43a70000]
CodeHeap 'non-nmethods': size=5760Kb used=1399Kb max_used=1472Kb free=4360Kb
 bounds [0x0000024d43a70000, 0x0000024d43ce0000, 0x0000024d44010000]
 total_blobs=8931 nmethods=8239 adapters=598
 compilation: enabled
              stopped_count=0, restarted_count=0
 full_count=0

Compilation events (20 events):
Event: 70.082 Thread 0x0000024d4d73e6f0 9070       3       org.eclipse.osgi.container.ModuleRevision::getRequirements (9 bytes)
Event: 70.083 Thread 0x0000024d4d73e6f0 nmethod 9070 0x0000024d3c5f5910 code [0x0000024d3c5f5b00, 0x0000024d3c5f6070]
Event: 70.083 Thread 0x0000024d4d73e6f0 9071       3       org.eclipse.osgi.container.ModuleRevision::getDeclaredRequirements (9 bytes)
Event: 70.084 Thread 0x0000024d4d73e6f0 nmethod 9071 0x0000024d3c56eb10 code [0x0000024d3c56ed00, 0x0000024d3c56f1a8]
Event: 70.084 Thread 0x0000024d4d73e6f0 9075       1       sun.util.calendar.CalendarDate::getDayOfMonth (5 bytes)
Event: 70.084 Thread 0x0000024d4d73e6f0 nmethod 9075 0x0000024d441a5010 code [0x0000024d441a51a0, 0x0000024d441a5268]
Event: 70.088 Thread 0x0000024d904e9010 nmethod 9063 0x0000024d44219990 code [0x0000024d44219d40, 0x0000024d4421ba58]
Event: 70.088 Thread 0x0000024d904e9010 9064       4       org.eclipse.osgi.container.ModuleDatabase$Persistence::addToWriteTable (77 bytes)
Event: 74.244 Thread 0x0000024d904e9010 nmethod 9064 0x0000024d44173590 code [0x0000024d441737e0, 0x0000024d44174288]
Event: 74.244 Thread 0x0000024d904e9010 9058       4       java.util.Collections$UnmodifiableMap$UnmodifiableEntrySet$1::hasNext (10 bytes)
Event: 74.247 Thread 0x0000024d904e9010 nmethod 9058 0x0000024d44219610 code [0x0000024d442197a0, 0x0000024d442198a8]
Event: 74.247 Thread 0x0000024d904e9010 9057       4       java.util.Collections$UnmodifiableMap::hashCode (10 bytes)
Event: 74.261 Thread 0x0000024d904e9010 nmethod 9057 0x0000024d441ffd10 code [0x0000024d441ffee0, 0x0000024d442004f0]
Event: 74.261 Thread 0x0000024d904e9010 9059       4       java.util.Collections$SingletonMap::hashCode (16 bytes)
Event: 74.264 Thread 0x0000024d904e9010 nmethod 9059 0x0000024d441fcf10 code [0x0000024d441fd0a0, 0x0000024d441fd238]
Event: 74.264 Thread 0x0000024d904e9010 9077   !   4       org.eclipse.jdt.internal.core.search.indexing.BinaryContainer::isValidPackageNameForClassOrisModule (158 bytes)
Event: 74.290 Thread 0x0000024d904e9010 nmethod 9077 0x0000024d44143890 code [0x0000024d44143ae0, 0x0000024d44144958]
Event: 74.290 Thread 0x0000024d904e9010 9078 % !   4       java.nio.file.Files::walkFileTree @ 19 (297 bytes)
Event: 76.328 Thread 0x0000024d904e9010 nmethod 9078% 0x0000024d44108110 code [0x0000024d441083c0, 0x0000024d44108ed0]
Event: 76.328 Thread 0x0000024d904e9010 9079   !   4       org.eclipse.jdt.internal.core.search.indexing.BinaryIndexer::indexDocument (1204 bytes)

GC Heap History (20 events):
Event: 62.732 GC heap after
{Heap after GC invocations=115 (full 3):
 PSYoungGen      total 16384K, used 3058K [0x00000000eab00000, 0x00000000ec280000, 0x0000000100000000)
  eden space 13312K, 0% used [0x00000000eab00000,0x00000000eab00000,0x00000000eb800000)
  from space 3072K, 99% used [0x00000000ebb80000,0x00000000ebe7cbc0,0x00000000ebe80000)
  to   space 3584K, 0% used [0x00000000eb800000,0x00000000eb800000,0x00000000ebb80000)
 ParOldGen       total 262144K, used 230853K [0x00000000c0000000, 0x00000000d0000000, 0x00000000eab00000)
  object space 262144K, 88% used [0x00000000c0000000,0x00000000ce171498,0x00000000d0000000)
 Metaspace       used 49425K, committed 50560K, reserved 1114112K
  class space    used 5116K, committed 5568K, reserved 1048576K
}
Event: 62.784 GC heap before
{Heap before GC invocations=116 (full 3):
 PSYoungGen      total 16384K, used 16370K [0x00000000eab00000, 0x00000000ec280000, 0x0000000100000000)
  eden space 13312K, 100% used [0x00000000eab00000,0x00000000eb800000,0x00000000eb800000)
  from space 3072K, 99% used [0x00000000ebb80000,0x00000000ebe7cbc0,0x00000000ebe80000)
  to   space 3584K, 0% used [0x00000000eb800000,0x00000000eb800000,0x00000000ebb80000)
 ParOldGen       total 262144K, used 230853K [0x00000000c0000000, 0x00000000d0000000, 0x00000000eab00000)
  object space 262144K, 88% used [0x00000000c0000000,0x00000000ce171498,0x00000000d0000000)
 Metaspace       used 49425K, committed 50560K, reserved 1114112K
  class space    used 5116K, committed 5568K, reserved 1048576K
}
Event: 62.788 GC heap after
{Heap after GC invocations=116 (full 3):
 PSYoungGen      total 16896K, used 3229K [0x00000000eab00000, 0x00000000ec180000, 0x0000000100000000)
  eden space 13312K, 0% used [0x00000000eab00000,0x00000000eab00000,0x00000000eb800000)
  from space 3584K, 90% used [0x00000000eb800000,0x00000000ebb27720,0x00000000ebb80000)
  to   space 3584K, 0% used [0x00000000ebe00000,0x00000000ebe00000,0x00000000ec180000)
 ParOldGen       total 262144K, used 233587K [0x00000000c0000000, 0x00000000d0000000, 0x00000000eab00000)
  object space 262144K, 89% used [0x00000000c0000000,0x00000000ce41ccd8,0x00000000d0000000)
 Metaspace       used 49425K, committed 50560K, reserved 1114112K
  class space    used 5116K, committed 5568K, reserved 1048576K
}
Event: 62.827 GC heap before
{Heap before GC invocations=117 (full 3):
 PSYoungGen      total 16896K, used 16541K [0x00000000eab00000, 0x00000000ec180000, 0x0000000100000000)
  eden space 13312K, 100% used [0x00000000eab00000,0x00000000eb800000,0x00000000eb800000)
  from space 3584K, 90% used [0x00000000eb800000,0x00000000ebb27720,0x00000000ebb80000)
  to   space 3584K, 0% used [0x00000000ebe00000,0x00000000ebe00000,0x00000000ec180000)
 ParOldGen       total 262144K, used 233587K [0x00000000c0000000, 0x00000000d0000000, 0x00000000eab00000)
  object space 262144K, 89% used [0x00000000c0000000,0x00000000ce41ccd8,0x00000000d0000000)
 Metaspace       used 49425K, committed 50560K, reserved 1114112K
  class space    used 5116K, committed 5568K, reserved 1048576K
}
Event: 62.832 GC heap after
{Heap after GC invocations=117 (full 3):
 PSYoungGen      total 19456K, used 3361K [0x00000000eab00000, 0x00000000ec180000, 0x0000000100000000)
  eden space 15872K, 0% used [0x00000000eab00000,0x00000000eab00000,0x00000000eba80000)
  from space 3584K, 93% used [0x00000000ebe00000,0x00000000ec148708,0x00000000ec180000)
  to   space 3584K, 0% used [0x00000000eba80000,0x00000000eba80000,0x00000000ebe00000)
 ParOldGen       total 262144K, used 236592K [0x00000000c0000000, 0x00000000d0000000, 0x00000000eab00000)
  object space 262144K, 90% used [0x00000000c0000000,0x00000000ce70c2f0,0x00000000d0000000)
 Metaspace       used 49425K, committed 50560K, reserved 1114112K
  class space    used 5116K, committed 5568K, reserved 1048576K
}
Event: 62.890 GC heap before
{Heap before GC invocations=118 (full 3):
 PSYoungGen      total 19456K, used 19233K [0x00000000eab00000, 0x00000000ec180000, 0x0000000100000000)
  eden space 15872K, 100% used [0x00000000eab00000,0x00000000eba80000,0x00000000eba80000)
  from space 3584K, 93% used [0x00000000ebe00000,0x00000000ec148708,0x00000000ec180000)
  to   space 3584K, 0% used [0x00000000eba80000,0x00000000eba80000,0x00000000ebe00000)
 ParOldGen       total 262144K, used 236592K [0x00000000c0000000, 0x00000000d0000000, 0x00000000eab00000)
  object space 262144K, 90% used [0x00000000c0000000,0x00000000ce70c2f0,0x00000000d0000000)
 Metaspace       used 49428K, committed 50560K, reserved 1114112K
  class space    used 5116K, committed 5568K, reserved 1048576K
}
Event: 64.914 GC heap after
{Heap after GC invocations=118 (full 3):
 PSYoungGen      total 19456K, used 3582K [0x00000000eab00000, 0x00000000ec180000, 0x0000000100000000)
  eden space 15872K, 0% used [0x00000000eab00000,0x00000000eab00000,0x00000000eba80000)
  from space 3584K, 99% used [0x00000000eba80000,0x00000000ebdffba8,0x00000000ebe00000)
  to   space 3584K, 0% used [0x00000000ebe00000,0x00000000ebe00000,0x00000000ec180000)
 ParOldGen       total 262144K, used 239965K [0x00000000c0000000, 0x00000000d0000000, 0x00000000eab00000)
  object space 262144K, 91% used [0x00000000c0000000,0x00000000cea57690,0x00000000d0000000)
 Metaspace       used 49428K, committed 50560K, reserved 1114112K
  class space    used 5116K, committed 5568K, reserved 1048576K
}
Event: 64.989 GC heap before
{Heap before GC invocations=119 (full 3):
 PSYoungGen      total 19456K, used 19454K [0x00000000eab00000, 0x00000000ec180000, 0x0000000100000000)
  eden space 15872K, 100% used [0x00000000eab00000,0x00000000eba80000,0x00000000eba80000)
  from space 3584K, 99% used [0x00000000eba80000,0x00000000ebdffba8,0x00000000ebe00000)
  to   space 3584K, 0% used [0x00000000ebe00000,0x00000000ebe00000,0x00000000ec180000)
 ParOldGen       total 262144K, used 239965K [0x00000000c0000000, 0x00000000d0000000, 0x00000000eab00000)
  object space 262144K, 91% used [0x00000000c0000000,0x00000000cea57690,0x00000000d0000000)
 Metaspace       used 49428K, committed 50560K, reserved 1114112K
  class space    used 5116K, committed 5568K, reserved 1048576K
}
Event: 67.002 GC heap after
{Heap after GC invocations=119 (full 3):
 PSYoungGen      total 19456K, used 3471K [0x00000000eab00000, 0x00000000ec180000, 0x0000000100000000)
  eden space 15872K, 0% used [0x00000000eab00000,0x00000000eab00000,0x00000000eba80000)
  from space 3584K, 96% used [0x00000000ebe00000,0x00000000ec163c08,0x00000000ec180000)
  to   space 3584K, 0% used [0x00000000eba80000,0x00000000eba80000,0x00000000ebe00000)
 ParOldGen       total 262144K, used 243065K [0x00000000c0000000, 0x00000000d0000000, 0x00000000eab00000)
  object space 262144K, 92% used [0x00000000c0000000,0x00000000ced5e700,0x00000000d0000000)
 Metaspace       used 49428K, committed 50560K, reserved 1114112K
  class space    used 5116K, committed 5568K, reserved 1048576K
}
Event: 68.073 GC heap before
{Heap before GC invocations=120 (full 3):
 PSYoungGen      total 19456K, used 19343K [0x00000000eab00000, 0x00000000ec180000, 0x0000000100000000)
  eden space 15872K, 100% used [0x00000000eab00000,0x00000000eba80000,0x00000000eba80000)
  from space 3584K, 96% used [0x00000000ebe00000,0x00000000ec163c08,0x00000000ec180000)
  to   space 3584K, 0% used [0x00000000eba80000,0x00000000eba80000,0x00000000ebe00000)
 ParOldGen       total 262144K, used 243065K [0x00000000c0000000, 0x00000000d0000000, 0x00000000eab00000)
  object space 262144K, 92% used [0x00000000c0000000,0x00000000ced5e700,0x00000000d0000000)
 Metaspace       used 49428K, committed 50560K, reserved 1114112K
  class space    used 5116K, committed 5568K, reserved 1048576K
}
Event: 70.081 GC heap after
{Heap after GC invocations=120 (full 3):
 PSYoungGen      total 19456K, used 3581K [0x00000000eab00000, 0x00000000ec180000, 0x0000000100000000)
  eden space 15872K, 0% used [0x00000000eab00000,0x00000000eab00000,0x00000000eba80000)
  from space 3584K, 99% used [0x00000000eba80000,0x00000000ebdff528,0x00000000ebe00000)
  to   space 3584K, 0% used [0x00000000ebe00000,0x00000000ebe00000,0x00000000ec180000)
 ParOldGen       total 262144K, used 246417K [0x00000000c0000000, 0x00000000d0000000, 0x00000000eab00000)
  object space 262144K, 94% used [0x00000000c0000000,0x00000000cf0a4778,0x00000000d0000000)
 Metaspace       used 49428K, committed 50560K, reserved 1114112K
  class space    used 5116K, committed 5568K, reserved 1048576K
}
Event: 70.136 GC heap before
{Heap before GC invocations=121 (full 3):
 PSYoungGen      total 19456K, used 19453K [0x00000000eab00000, 0x00000000ec180000, 0x0000000100000000)
  eden space 15872K, 100% used [0x00000000eab00000,0x00000000eba80000,0x00000000eba80000)
  from space 3584K, 99% used [0x00000000eba80000,0x00000000ebdff528,0x00000000ebe00000)
  to   space 3584K, 0% used [0x00000000ebe00000,0x00000000ebe00000,0x00000000ec180000)
 ParOldGen       total 262144K, used 246417K [0x00000000c0000000, 0x00000000d0000000, 0x00000000eab00000)
  object space 262144K, 94% used [0x00000000c0000000,0x00000000cf0a4778,0x00000000d0000000)
 Metaspace       used 49428K, committed 50560K, reserved 1114112K
  class space    used 5116K, committed 5568K, reserved 1048576K
}
Event: 72.152 GC heap after
{Heap after GC invocations=121 (full 3):
 PSYoungGen      total 19456K, used 3555K [0x00000000eab00000, 0x00000000ec180000, 0x0000000100000000)
  eden space 15872K, 0% used [0x00000000eab00000,0x00000000eab00000,0x00000000eba80000)
  from space 3584K, 99% used [0x00000000ebe00000,0x00000000ec178cd8,0x00000000ec180000)
  to   space 3584K, 0% used [0x00000000eba80000,0x00000000eba80000,0x00000000ebe00000)
 ParOldGen       total 262144K, used 250007K [0x00000000c0000000, 0x00000000d0000000, 0x00000000eab00000)
  object space 262144K, 95% used [0x00000000c0000000,0x00000000cf425e70,0x00000000d0000000)
 Metaspace       used 49428K, committed 50560K, reserved 1114112K
  class space    used 5116K, committed 5568K, reserved 1048576K
}
Event: 72.225 GC heap before
{Heap before GC invocations=122 (full 3):
 PSYoungGen      total 19456K, used 19427K [0x00000000eab00000, 0x00000000ec180000, 0x0000000100000000)
  eden space 15872K, 100% used [0x00000000eab00000,0x00000000eba80000,0x00000000eba80000)
  from space 3584K, 99% used [0x00000000ebe00000,0x00000000ec178cd8,0x00000000ec180000)
  to   space 3584K, 0% used [0x00000000eba80000,0x00000000eba80000,0x00000000ebe00000)
 ParOldGen       total 262144K, used 250007K [0x00000000c0000000, 0x00000000d0000000, 0x00000000eab00000)
  object space 262144K, 95% used [0x00000000c0000000,0x00000000cf425e70,0x00000000d0000000)
 Metaspace       used 49428K, committed 50560K, reserved 1114112K
  class space    used 5116K, committed 5568K, reserved 1048576K
}
Event: 74.242 GC heap after
{Heap after GC invocations=122 (full 3):
 PSYoungGen      total 19456K, used 3581K [0x00000000eab00000, 0x00000000ec180000, 0x0000000100000000)
  eden space 15872K, 0% used [0x00000000eab00000,0x00000000eab00000,0x00000000eba80000)
  from space 3584K, 99% used [0x00000000eba80000,0x00000000ebdff598,0x00000000ebe00000)
  to   space 3584K, 0% used [0x00000000ebe00000,0x00000000ebe00000,0x00000000ec180000)
 ParOldGen       total 262144K, used 254252K [0x00000000c0000000, 0x00000000d0000000, 0x00000000eab00000)
  object space 262144K, 96% used [0x00000000c0000000,0x00000000cf84b3a0,0x00000000d0000000)
 Metaspace       used 49428K, committed 50560K, reserved 1114112K
  class space    used 5116K, committed 5568K, reserved 1048576K
}
Event: 74.314 GC heap before
{Heap before GC invocations=123 (full 3):
 PSYoungGen      total 19456K, used 19453K [0x00000000eab00000, 0x00000000ec180000, 0x0000000100000000)
  eden space 15872K, 100% used [0x00000000eab00000,0x00000000eba80000,0x00000000eba80000)
  from space 3584K, 99% used [0x00000000eba80000,0x00000000ebdff598,0x00000000ebe00000)
  to   space 3584K, 0% used [0x00000000ebe00000,0x00000000ebe00000,0x00000000ec180000)
 ParOldGen       total 262144K, used 254252K [0x00000000c0000000, 0x00000000d0000000, 0x00000000eab00000)
  object space 262144K, 96% used [0x00000000c0000000,0x00000000cf84b3a0,0x00000000d0000000)
 Metaspace       used 49428K, committed 50560K, reserved 1114112K
  class space    used 5116K, committed 5568K, reserved 1048576K
}
Event: 76.327 GC heap after
{Heap after GC invocations=123 (full 3):
 PSYoungGen      total 19456K, used 3564K [0x00000000eab00000, 0x00000000ec180000, 0x0000000100000000)
  eden space 15872K, 0% used [0x00000000eab00000,0x00000000eab00000,0x00000000eba80000)
  from space 3584K, 99% used [0x00000000ebe00000,0x00000000ec17b220,0x00000000ec180000)
  to   space 3584K, 0% used [0x00000000eba80000,0x00000000eba80000,0x00000000ebe00000)
 ParOldGen       total 262144K, used 258349K [0x00000000c0000000, 0x00000000d0000000, 0x00000000eab00000)
  object space 262144K, 98% used [0x00000000c0000000,0x00000000cfc4b638,0x00000000d0000000)
 Metaspace       used 49428K, committed 50560K, reserved 1114112K
  class space    used 5116K, committed 5568K, reserved 1048576K
}
Event: 76.370 GC heap before
{Heap before GC invocations=124 (full 3):
 PSYoungGen      total 19456K, used 19436K [0x00000000eab00000, 0x00000000ec180000, 0x0000000100000000)
  eden space 15872K, 100% used [0x00000000eab00000,0x00000000eba80000,0x00000000eba80000)
  from space 3584K, 99% used [0x00000000ebe00000,0x00000000ec17b220,0x00000000ec180000)
  to   space 3584K, 0% used [0x00000000eba80000,0x00000000eba80000,0x00000000ebe00000)
 ParOldGen       total 262144K, used 258349K [0x00000000c0000000, 0x00000000d0000000, 0x00000000eab00000)
  object space 262144K, 98% used [0x00000000c0000000,0x00000000cfc4b638,0x00000000d0000000)
 Metaspace       used 49428K, committed 50560K, reserved 1114112K
  class space    used 5116K, committed 5568K, reserved 1048576K
}
Event: 79.385 GC heap after
{Heap after GC invocations=124 (full 3):
 PSYoungGen      total 19456K, used 3581K [0x00000000eab00000, 0x00000000ec180000, 0x0000000100000000)
  eden space 15872K, 0% used [0x00000000eab00000,0x00000000eab00000,0x00000000eba80000)
  from space 3584K, 99% used [0x00000000eba80000,0x00000000ebdff428,0x00000000ebe00000)
  to   space 3584K, 0% used [0x00000000ebe00000,0x00000000ebe00000,0x00000000ec180000)
 ParOldGen       total 263168K, used 262853K [0x00000000c0000000, 0x00000000d0100000, 0x00000000eab00000)
  object space 263168K, 99% used [0x00000000c0000000,0x00000000d00b14d0,0x00000000d0100000)
 Metaspace       used 49428K, committed 50560K, reserved 1114112K
  class space    used 5116K, committed 5568K, reserved 1048576K
}
Event: 79.432 GC heap before
{Heap before GC invocations=125 (full 3):
 PSYoungGen      total 19456K, used 19453K [0x00000000eab00000, 0x00000000ec180000, 0x0000000100000000)
  eden space 15872K, 100% used [0x00000000eab00000,0x00000000eba80000,0x00000000eba80000)
  from space 3584K, 99% used [0x00000000eba80000,0x00000000ebdff428,0x00000000ebe00000)
  to   space 3584K, 0% used [0x00000000ebe00000,0x00000000ebe00000,0x00000000ec180000)
 ParOldGen       total 263168K, used 262853K [0x00000000c0000000, 0x00000000d0100000, 0x00000000eab00000)
  object space 263168K, 99% used [0x00000000c0000000,0x00000000d00b14d0,0x00000000d0100000)
 Metaspace       used 49428K, committed 50560K, reserved 1114112K
  class space    used 5116K, committed 5568K, reserved 1048576K
}

Dll operation events (10 events):
Event: 0.041 Loaded shared library c:\Users\DELL\.vscode\extensions\redhat.java-1.41.1-win32-x64\jre\21.0.6-win32-x86_64\bin\java.dll
Event: 0.165 Loaded shared library c:\Users\DELL\.vscode\extensions\redhat.java-1.41.1-win32-x64\jre\21.0.6-win32-x86_64\bin\zip.dll
Event: 0.264 Loaded shared library C:\Users\DELL\.vscode\extensions\redhat.java-1.41.1-win32-x64\jre\21.0.6-win32-x86_64\bin\instrument.dll
Event: 0.271 Loaded shared library C:\Users\DELL\.vscode\extensions\redhat.java-1.41.1-win32-x64\jre\21.0.6-win32-x86_64\bin\net.dll
Event: 0.275 Loaded shared library C:\Users\DELL\.vscode\extensions\redhat.java-1.41.1-win32-x64\jre\21.0.6-win32-x86_64\bin\nio.dll
Event: 0.281 Loaded shared library C:\Users\DELL\.vscode\extensions\redhat.java-1.41.1-win32-x64\jre\21.0.6-win32-x86_64\bin\zip.dll
Event: 0.371 Loaded shared library C:\Users\DELL\.vscode\extensions\redhat.java-1.41.1-win32-x64\jre\21.0.6-win32-x86_64\bin\jimage.dll
Event: 0.512 Loaded shared library c:\Users\DELL\.vscode\extensions\redhat.java-1.41.1-win32-x64\jre\21.0.6-win32-x86_64\bin\verify.dll
Event: 13.758 Loaded shared library C:\Users\DELL\AppData\Roaming\Code\User\globalStorage\redhat.java\1.41.1\config_win\org.eclipse.equinox.launcher\org.eclipse.equinox.launcher.win32.win32.x86_64_1.2.1300.v20250331-1702\eclipse_11911.dll
Event: 40.280 Loaded shared library C:\Users\DELL\AppData\Local\Temp\jna-2094529\jna2699866796147585061.dll

Deoptimization events (20 events):
Event: 62.885 Thread 0x0000024d950275d0 Uncommon trap: trap_request=0xffffffde fr.pc=0x0000024d4435005c relative=0x000000000000041c
Event: 62.885 Thread 0x0000024d950275d0 Uncommon trap: reason=class_check action=maybe_recompile pc=0x0000024d4435005c method=java.io.DataOutputStream.writeInt(I)V @ 19 c2
Event: 62.885 Thread 0x0000024d950275d0 DEOPT PACKING pc=0x0000024d4435005c sp=0x000000fef0dfebe0
Event: 62.885 Thread 0x0000024d950275d0 DEOPT UNPACKING pc=0x0000024d43ac6da2 sp=0x000000fef0dfeb88 mode 2
Event: 62.885 Thread 0x0000024d950275d0 Uncommon trap: trap_request=0xffffffde fr.pc=0x0000024d4435005c relative=0x000000000000041c
Event: 62.885 Thread 0x0000024d950275d0 Uncommon trap: reason=class_check action=maybe_recompile pc=0x0000024d4435005c method=java.io.DataOutputStream.writeInt(I)V @ 19 c2
Event: 62.885 Thread 0x0000024d950275d0 DEOPT PACKING pc=0x0000024d4435005c sp=0x000000fef0dfebe0
Event: 62.885 Thread 0x0000024d950275d0 DEOPT UNPACKING pc=0x0000024d43ac6da2 sp=0x000000fef0dfeb88 mode 2
Event: 62.885 Thread 0x0000024d950275d0 Uncommon trap: trap_request=0xffffffde fr.pc=0x0000024d4435005c relative=0x000000000000041c
Event: 62.885 Thread 0x0000024d950275d0 Uncommon trap: reason=class_check action=maybe_recompile pc=0x0000024d4435005c method=java.io.DataOutputStream.writeInt(I)V @ 19 c2
Event: 62.885 Thread 0x0000024d950275d0 DEOPT PACKING pc=0x0000024d4435005c sp=0x000000fef0dfebe0
Event: 62.885 Thread 0x0000024d950275d0 DEOPT UNPACKING pc=0x0000024d43ac6da2 sp=0x000000fef0dfeb88 mode 2
Event: 62.885 Thread 0x0000024d950275d0 Uncommon trap: trap_request=0xffffffc6 fr.pc=0x0000024d44531ff4 relative=0x00000000000008b4
Event: 62.885 Thread 0x0000024d950275d0 Uncommon trap: reason=bimorphic_or_optimized_type_check action=maybe_recompile pc=0x0000024d44531ff4 method=java.util.TimSort.countRunAndMakeAscending([Ljava/lang/Object;IILjava/util/Comparator;)I @ 68 c2
Event: 62.885 Thread 0x0000024d950275d0 DEOPT PACKING pc=0x0000024d44531ff4 sp=0x000000fef0dfe860
Event: 62.885 Thread 0x0000024d950275d0 DEOPT UNPACKING pc=0x0000024d43ac6da2 sp=0x000000fef0dfe808 mode 2
Event: 67.004 Thread 0x0000024d902ee5a0 Uncommon trap: trap_request=0xffffff45 fr.pc=0x0000024d445d5320 relative=0x0000000000004720
Event: 67.004 Thread 0x0000024d902ee5a0 Uncommon trap: reason=unstable_if action=reinterpret pc=0x0000024d445d5320 method=org.eclipse.jdt.internal.core.search.indexing.BinaryIndexer.indexDocument()V @ 315 c2
Event: 67.004 Thread 0x0000024d902ee5a0 DEOPT PACKING pc=0x0000024d445d5320 sp=0x000000fef22fe8b0
Event: 67.004 Thread 0x0000024d902ee5a0 DEOPT UNPACKING pc=0x0000024d43ac6da2 sp=0x000000fef22fe890 mode 2

Classes loaded (20 events):
Event: 45.483 Loading class java/nio/file/FileVisitResult
Event: 45.483 Loading class java/nio/file/FileVisitResult done
Event: 45.591 Loading class java/nio/channels/Channels$ReadableByteChannelImpl
Event: 45.592 Loading class java/nio/channels/Channels$ReadableByteChannelImpl done
Event: 45.593 Loading class java/nio/channels/NonWritableChannelException
Event: 45.593 Loading class java/nio/channels/NonWritableChannelException done
Event: 45.918 Loading class java/util/AbstractList$ListItr
Event: 45.918 Loading class java/util/AbstractList$ListItr done
Event: 47.809 Loading class java/util/WeakHashMap$KeyIterator
Event: 47.810 Loading class java/util/WeakHashMap$KeyIterator done
Event: 48.023 Loading class java/util/concurrent/CompletableFuture$AltResult
Event: 48.024 Loading class java/util/concurrent/CompletableFuture$AltResult done
Event: 48.024 Loading class java/util/concurrent/CompletableFuture$Completion
Event: 48.024 Loading class java/util/concurrent/CompletableFuture$AsynchronousCompletionTask
Event: 48.024 Loading class java/util/concurrent/CompletableFuture$AsynchronousCompletionTask done
Event: 48.024 Loading class java/util/concurrent/CompletableFuture$Completion done
Event: 48.029 Loading class sun/nio/ch/WindowsAsynchronousFileChannelImpl$WriteTask
Event: 48.029 Loading class sun/nio/ch/WindowsAsynchronousFileChannelImpl$WriteTask done
Event: 48.040 Loading class jdk/internal/math/FormattedFPDecimal
Event: 48.041 Loading class jdk/internal/math/FormattedFPDecimal done

Classes unloaded (7 events):
Event: 41.431 Thread 0x0000024d393eea20 Unloading class 0x0000024d4f193c00 'java/lang/invoke/LambdaForm$MH+0x0000024d4f193c00'
Event: 41.431 Thread 0x0000024d393eea20 Unloading class 0x0000024d4f193800 'java/lang/invoke/LambdaForm$MH+0x0000024d4f193800'
Event: 41.431 Thread 0x0000024d393eea20 Unloading class 0x0000024d4f193400 'java/lang/invoke/LambdaForm$MH+0x0000024d4f193400'
Event: 41.432 Thread 0x0000024d393eea20 Unloading class 0x0000024d4f193000 'java/lang/invoke/LambdaForm$MH+0x0000024d4f193000'
Event: 41.432 Thread 0x0000024d393eea20 Unloading class 0x0000024d4f192c00 'java/lang/invoke/LambdaForm$BMH+0x0000024d4f192c00'
Event: 41.432 Thread 0x0000024d393eea20 Unloading class 0x0000024d4f192800 'java/lang/invoke/LambdaForm$DMH+0x0000024d4f192800'
Event: 41.432 Thread 0x0000024d393eea20 Unloading class 0x0000024d4f191400 'java/lang/invoke/LambdaForm$DMH+0x0000024d4f191400'

Classes redefined (0 events):
No events

Internal exceptions (20 events):
Event: 51.116 Thread 0x0000024d902ec4d0 Exception <a 'sun/nio/fs/WindowsException'{0x00000000eb353cb0}> (0x00000000eb353cb0) 
thrown [s\src\hotspot\share\prims\jni.cpp, line 520]
Event: 51.117 Thread 0x0000024d902ec4d0 Exception <a 'sun/nio/fs/WindowsException'{0x00000000eb382018}> (0x00000000eb382018) 
thrown [s\src\hotspot\share\prims\jni.cpp, line 520]
Event: 51.117 Thread 0x0000024d902ec4d0 Exception <a 'sun/nio/fs/WindowsException'{0x00000000eb384220}> (0x00000000eb384220) 
thrown [s\src\hotspot\share\prims\jni.cpp, line 520]
Event: 51.117 Thread 0x0000024d902ec4d0 Exception <a 'sun/nio/fs/WindowsException'{0x00000000eb3b44f8}> (0x00000000eb3b44f8) 
thrown [s\src\hotspot\share\prims\jni.cpp, line 520]
Event: 51.118 Thread 0x0000024d902ec4d0 Exception <a 'sun/nio/fs/WindowsException'{0x00000000eb3e44c8}> (0x00000000eb3e44c8) 
thrown [s\src\hotspot\share\prims\jni.cpp, line 520]
Event: 51.118 Thread 0x0000024d902ec4d0 Exception <a 'sun/nio/fs/WindowsException'{0x00000000eb3e5000}> (0x00000000eb3e5000) 
thrown [s\src\hotspot\share\prims\jni.cpp, line 520]
Event: 51.123 Thread 0x0000024d902ec4d0 Exception <a 'sun/nio/fs/WindowsException'{0x00000000eab2d930}> (0x00000000eab2d930) 
thrown [s\src\hotspot\share\prims\jni.cpp, line 520]
Event: 51.123 Thread 0x0000024d902ec4d0 Exception <a 'sun/nio/fs/WindowsException'{0x00000000eab2ec68}> (0x00000000eab2ec68) 
thrown [s\src\hotspot\share\prims\jni.cpp, line 520]
Event: 51.126 Thread 0x0000024d902ec4d0 Exception <a 'sun/nio/fs/WindowsException'{0x00000000eac24bc0}> (0x00000000eac24bc0) 
thrown [s\src\hotspot\share\prims\jni.cpp, line 520]
Event: 51.126 Thread 0x0000024d902ec4d0 Exception <a 'sun/nio/fs/WindowsException'{0x00000000eac53ba0}> (0x00000000eac53ba0) 
thrown [s\src\hotspot\share\prims\jni.cpp, line 520]
Event: 51.127 Thread 0x0000024d902ec4d0 Exception <a 'sun/nio/fs/WindowsException'{0x00000000eacc3920}> (0x00000000eacc3920) 
thrown [s\src\hotspot\share\prims\jni.cpp, line 520]
Event: 51.128 Thread 0x0000024d902ec4d0 Exception <a 'sun/nio/fs/WindowsException'{0x00000000eacf2528}> (0x00000000eacf2528) 
thrown [s\src\hotspot\share\prims\jni.cpp, line 520]
Event: 51.128 Thread 0x0000024d902ec4d0 Exception <a 'sun/nio/fs/WindowsException'{0x00000000eacf6388}> (0x00000000eacf6388) 
thrown [s\src\hotspot\share\prims\jni.cpp, line 520]
Event: 51.128 Thread 0x0000024d902ec4d0 Exception <a 'sun/nio/fs/WindowsException'{0x00000000ead23fb8}> (0x00000000ead23fb8) 
thrown [s\src\hotspot\share\prims\jni.cpp, line 520]
Event: 51.129 Thread 0x0000024d902ec4d0 Exception <a 'sun/nio/fs/WindowsException'{0x00000000ead58400}> (0x00000000ead58400) 
thrown [s\src\hotspot\share\prims\jni.cpp, line 520]
Event: 51.129 Thread 0x0000024d902ec4d0 Exception <a 'sun/nio/fs/WindowsException'{0x00000000ead58c78}> (0x00000000ead58c78) 
thrown [s\src\hotspot\share\prims\jni.cpp, line 520]
Event: 51.130 Thread 0x0000024d902ec4d0 Exception <a 'sun/nio/fs/WindowsException'{0x00000000ead92508}> (0x00000000ead92508) 
thrown [s\src\hotspot\share\prims\jni.cpp, line 520]
Event: 51.130 Thread 0x0000024d902ec4d0 Exception <a 'sun/nio/fs/WindowsException'{0x00000000ead93060}> (0x00000000ead93060) 
thrown [s\src\hotspot\share\prims\jni.cpp, line 520]
Event: 51.131 Thread 0x0000024d902ec4d0 Exception <a 'sun/nio/fs/WindowsException'{0x00000000ead95478}> (0x00000000ead95478) 
thrown [s\src\hotspot\share\prims\jni.cpp, line 520]
Event: 51.131 Thread 0x0000024d902ec4d0 Exception <a 'sun/nio/fs/WindowsException'{0x00000000eadc2ac8}> (0x00000000eadc2ac8) 
thrown [s\src\hotspot\share\prims\jni.cpp, line 520]

ZGC Phase Switch (0 events):
No events

VM Operations (20 events):
Event: 62.732 Executing VM operation: ParallelGCFailedAllocation (Allocation Failure) done
Event: 62.784 Executing VM operation: ParallelGCFailedAllocation (Allocation Failure)
Event: 62.788 Executing VM operation: ParallelGCFailedAllocation (Allocation Failure) done
Event: 62.827 Executing VM operation: ParallelGCFailedAllocation (Allocation Failure)
Event: 62.832 Executing VM operation: ParallelGCFailedAllocation (Allocation Failure) done
Event: 62.890 Executing VM operation: ParallelGCFailedAllocation (Allocation Failure)
Event: 64.914 Executing VM operation: ParallelGCFailedAllocation (Allocation Failure) done
Event: 64.989 Executing VM operation: ParallelGCFailedAllocation (Allocation Failure)
Event: 67.002 Executing VM operation: ParallelGCFailedAllocation (Allocation Failure) done
Event: 67.082 Executing VM operation: ParallelGCFailedAllocation (Allocation Failure)
Event: 70.081 Executing VM operation: ParallelGCFailedAllocation (Allocation Failure) done
Event: 70.136 Executing VM operation: ParallelGCFailedAllocation (Allocation Failure)
Event: 72.152 Executing VM operation: ParallelGCFailedAllocation (Allocation Failure) done
Event: 72.225 Executing VM operation: ParallelGCFailedAllocation (Allocation Failure)
Event: 74.242 Executing VM operation: ParallelGCFailedAllocation (Allocation Failure) done
Event: 74.314 Executing VM operation: ParallelGCFailedAllocation (Allocation Failure)
Event: 76.327 Executing VM operation: ParallelGCFailedAllocation (Allocation Failure) done
Event: 76.369 Executing VM operation: ParallelGCFailedAllocation (Allocation Failure)
Event: 79.385 Executing VM operation: ParallelGCFailedAllocation (Allocation Failure) done
Event: 79.432 Executing VM operation: ParallelGCFailedAllocation (Allocation Failure)

Memory protections (0 events):
No events

Nmethod flushes (20 events):
Event: 60.813 Thread 0x0000024d393eea20 flushing  nmethod 0x0000024d3ceba690
Event: 60.813 Thread 0x0000024d393eea20 flushing  nmethod 0x0000024d3cebba90
Event: 60.813 Thread 0x0000024d393eea20 flushing  nmethod 0x0000024d3cebc090
Event: 60.813 Thread 0x0000024d393eea20 flushing  nmethod 0x0000024d3cebc910
Event: 60.813 Thread 0x0000024d393eea20 flushing  nmethod 0x0000024d3cebd390
Event: 60.813 Thread 0x0000024d393eea20 flushing  nmethod 0x0000024d3cec0f90
Event: 60.813 Thread 0x0000024d393eea20 flushing  nmethod 0x0000024d3ced4010
Event: 60.813 Thread 0x0000024d393eea20 flushing  nmethod 0x0000024d3ced4590
Event: 60.813 Thread 0x0000024d393eea20 flushing  nmethod 0x0000024d3ced4c90
Event: 60.813 Thread 0x0000024d393eea20 flushing  nmethod 0x0000024d3cee5f90
Event: 60.813 Thread 0x0000024d393eea20 flushing  nmethod 0x0000024d3cee8d10
Event: 60.813 Thread 0x0000024d393eea20 flushing  nmethod 0x0000024d3cefc290
Event: 60.813 Thread 0x0000024d393eea20 flushing  nmethod 0x0000024d3cf02890
Event: 60.813 Thread 0x0000024d393eea20 flushing  nmethod 0x0000024d3cf11f10
Event: 60.813 Thread 0x0000024d393eea20 flushing osr nmethod 0x0000024d3cf22990
Event: 60.813 Thread 0x0000024d393eea20 flushing  nmethod 0x0000024d3cf25510
Event: 60.813 Thread 0x0000024d393eea20 flushing  nmethod 0x0000024d3cf26690
Event: 60.813 Thread 0x0000024d393eea20 flushing  nmethod 0x0000024d3cf4a610
Event: 60.813 Thread 0x0000024d393eea20 flushing  nmethod 0x0000024d3cf5e510
Event: 60.813 Thread 0x0000024d393eea20 flushing  nmethod 0x0000024d3cf73590

Events (20 events):
Event: 42.523 Thread 0x0000024d3934d610 Thread added: 0x0000024d958c4ac0
Event: 42.523 Thread 0x0000024d3934d610 Thread added: 0x0000024d958c5150
Event: 42.523 Thread 0x0000024d3934d610 Thread added: 0x0000024d958c1cd0
Event: 42.523 Thread 0x0000024d3934d610 Thread added: 0x0000024d958c2360
Event: 42.523 Thread 0x0000024d3934d610 Thread added: 0x0000024d958c6500
Event: 42.523 Thread 0x0000024d3934d610 Thread added: 0x0000024d958c3080
Event: 42.523 Thread 0x0000024d3934d610 Thread added: 0x0000024d958c57e0
Event: 42.524 Thread 0x0000024d3934d610 Thread added: 0x0000024d958c5e70
Event: 42.568 Thread 0x0000024d3934d610 Thread added: 0x0000024d958c6b90
Event: 42.642 Thread 0x0000024d902ec4d0 Thread added: 0x0000024d958c3710
Event: 42.951 Thread 0x0000024d3934d610 Thread added: 0x0000024d958c7220
Event: 42.952 Thread 0x0000024d3934d610 Thread added: 0x0000024d958c3da0
Event: 45.235 Thread 0x0000024d904e96e0 Thread exited: 0x0000024d904e96e0
Event: 45.495 Thread 0x0000024d4d73e6f0 Thread added: 0x0000024d904e9010
Event: 46.423 Thread 0x0000024d95434b70 Thread exited: 0x0000024d95434b70
Event: 50.306 Thread 0x0000024d904e9010 Thread exited: 0x0000024d904e9010
Event: 50.578 Thread 0x0000024d904e6e00 Thread exited: 0x0000024d904e6e00
Event: 62.733 Thread 0x0000024d4d70c3d0 Thread added: 0x0000024d904e9010
Event: 62.867 Thread 0x0000024d904e9010 Thread exited: 0x0000024d904e9010
Event: 64.926 Thread 0x0000024d4d73e6f0 Thread added: 0x0000024d904e9010


Dynamic libraries:
0x00007ff7bf930000 - 0x00007ff7bf93e000 	c:\Users\DELL\.vscode\extensions\redhat.java-1.41.1-win32-x64\jre\21.0.6-win32-x86_64\bin\java.exe
0x00007ffe092c0000 - 0x00007ffe09520000 	C:\WINDOWS\SYSTEM32\ntdll.dll
0x00007ffe07c50000 - 0x00007ffe07d17000 	C:\WINDOWS\System32\KERNEL32.DLL
0x00007ffe06ae0000 - 0x00007ffe06eaa000 	C:\WINDOWS\System32\KERNELBASE.dll
0x00007ffe067b0000 - 0x00007ffe068fb000 	C:\WINDOWS\System32\ucrtbase.dll
0x00007ffdb82b0000 - 0x00007ffdb82c8000 	c:\Users\DELL\.vscode\extensions\redhat.java-1.41.1-win32-x64\jre\21.0.6-win32-x86_64\bin\jli.dll
0x00007ffe08600000 - 0x00007ffe087cc000 	C:\WINDOWS\System32\USER32.dll
0x00007ffe06780000 - 0x00007ffe067a7000 	C:\WINDOWS\System32\win32u.dll
0x00007ffe07870000 - 0x00007ffe0789a000 	C:\WINDOWS\System32\GDI32.dll
0x00007ffe069a0000 - 0x00007ffe06ad1000 	C:\WINDOWS\System32\gdi32full.dll
0x00007ffe064a0000 - 0x00007ffe06543000 	C:\WINDOWS\System32\msvcp_win.dll
0x00007ffdc0ae0000 - 0x00007ffdc0afe000 	c:\Users\DELL\.vscode\extensions\redhat.java-1.41.1-win32-x64\jre\21.0.6-win32-x86_64\bin\VCRUNTIME140.dll
0x00007ffdf1060000 - 0x00007ffdf12f7000 	C:\WINDOWS\WinSxS\amd64_microsoft.windows.common-controls_6595b64144ccf1df_6.0.26100.3624_none_3e086962e3345f24\COMCTL32.dll
0x00007ffe08550000 - 0x00007ffe085f9000 	C:\WINDOWS\System32\msvcrt.dll
0x00007ffe09240000 - 0x00007ffe0926f000 	C:\WINDOWS\System32\IMM32.DLL
0x00007ffdf8290000 - 0x00007ffdf829c000 	c:\Users\DELL\.vscode\extensions\redhat.java-1.41.1-win32-x64\jre\21.0.6-win32-x86_64\bin\vcruntime140_1.dll
0x00007ffd95a20000 - 0x00007ffd95aad000 	c:\Users\DELL\.vscode\extensions\redhat.java-1.41.1-win32-x64\jre\21.0.6-win32-x86_64\bin\msvcp140.dll
0x00007ffd6d1e0000 - 0x00007ffd6df70000 	c:\Users\DELL\.vscode\extensions\redhat.java-1.41.1-win32-x64\jre\21.0.6-win32-x86_64\bin\server\jvm.dll
0x00007ffe077b0000 - 0x00007ffe07862000 	C:\WINDOWS\System32\ADVAPI32.dll
0x00007ffe08960000 - 0x00007ffe08a06000 	C:\WINDOWS\System32\sechost.dll
0x00007ffe07620000 - 0x00007ffe07736000 	C:\WINDOWS\System32\RPCRT4.dll
0x00007ffe078b0000 - 0x00007ffe07924000 	C:\WINDOWS\System32\WS2_32.dll
0x00007ffe06310000 - 0x00007ffe0636e000 	C:\WINDOWS\SYSTEM32\POWRPROF.dll
0x00007ffdff380000 - 0x00007ffdff3b6000 	C:\WINDOWS\SYSTEM32\WINMM.dll
0x00007ffdfc780000 - 0x00007ffdfc78b000 	C:\WINDOWS\SYSTEM32\VERSION.dll
0x00007ffe062f0000 - 0x00007ffe06304000 	C:\WINDOWS\SYSTEM32\UMPDC.dll
0x00007ffe052b0000 - 0x00007ffe052ca000 	C:\WINDOWS\SYSTEM32\kernel.appcore.dll
0x00007ffdf57f0000 - 0x00007ffdf57fa000 	c:\Users\DELL\.vscode\extensions\redhat.java-1.41.1-win32-x64\jre\21.0.6-win32-x86_64\bin\jimage.dll
0x00007ffe03b60000 - 0x00007ffe03da1000 	C:\WINDOWS\SYSTEM32\DBGHELP.DLL
0x00007ffe08ea0000 - 0x00007ffe09222000 	C:\WINDOWS\System32\combase.dll
0x00007ffe08880000 - 0x00007ffe08956000 	C:\WINDOWS\System32\OLEAUT32.dll
0x00007ffdec9a0000 - 0x00007ffdec9d9000 	C:\WINDOWS\SYSTEM32\dbgcore.DLL
0x00007ffe06900000 - 0x00007ffe06999000 	C:\WINDOWS\System32\bcryptPrimitives.dll
0x00007ffdf5b50000 - 0x00007ffdf5b5f000 	c:\Users\DELL\.vscode\extensions\redhat.java-1.41.1-win32-x64\jre\21.0.6-win32-x86_64\bin\instrument.dll
0x00007ffdb74a0000 - 0x00007ffdb74bf000 	c:\Users\DELL\.vscode\extensions\redhat.java-1.41.1-win32-x64\jre\21.0.6-win32-x86_64\bin\java.dll
0x00007ffe07e20000 - 0x00007ffe08549000 	C:\WINDOWS\System32\SHELL32.dll
0x00007ffe06610000 - 0x00007ffe06778000 	C:\WINDOWS\System32\wintypes.dll
0x00007ffe04110000 - 0x00007ffe04962000 	C:\WINDOWS\SYSTEM32\windows.storage.dll
0x00007ffe07d30000 - 0x00007ffe07e1d000 	C:\WINDOWS\System32\SHCORE.dll
0x00007ffe07740000 - 0x00007ffe077a4000 	C:\WINDOWS\System32\shlwapi.dll
0x00007ffe063b0000 - 0x00007ffe063df000 	C:\WINDOWS\SYSTEM32\profapi.dll
0x00007ffdb65d0000 - 0x00007ffdb65e8000 	c:\Users\DELL\.vscode\extensions\redhat.java-1.41.1-win32-x64\jre\21.0.6-win32-x86_64\bin\zip.dll
0x00007ffdf5100000 - 0x00007ffdf5110000 	C:\Users\DELL\.vscode\extensions\redhat.java-1.41.1-win32-x64\jre\21.0.6-win32-x86_64\bin\net.dll
0x00007ffe003c0000 - 0x00007ffe004dd000 	C:\WINDOWS\SYSTEM32\WINHTTP.dll
0x00007ffe057d0000 - 0x00007ffe0583a000 	C:\WINDOWS\system32\mswsock.dll
0x00007ffd9e380000 - 0x00007ffd9e396000 	C:\Users\DELL\.vscode\extensions\redhat.java-1.41.1-win32-x64\jre\21.0.6-win32-x86_64\bin\nio.dll
0x00007ffdf13f0000 - 0x00007ffdf1400000 	c:\Users\DELL\.vscode\extensions\redhat.java-1.41.1-win32-x64\jre\21.0.6-win32-x86_64\bin\verify.dll
0x00007ffdb9ad0000 - 0x00007ffdb9b15000 	C:\Users\DELL\AppData\Roaming\Code\User\globalStorage\redhat.java\1.41.1\config_win\org.eclipse.equinox.launcher\org.eclipse.equinox.launcher.win32.win32.x86_64_1.2.1300.v20250331-1702\eclipse_11911.dll
0x00007ffe07320000 - 0x00007ffe074b6000 	C:\WINDOWS\System32\ole32.dll
0x00007ffe05a70000 - 0x00007ffe05a8c000 	C:\WINDOWS\SYSTEM32\CRYPTSP.dll
0x00007ffe05210000 - 0x00007ffe0524a000 	C:\WINDOWS\system32\rsaenh.dll
0x00007ffe05870000 - 0x00007ffe0589b000 	C:\WINDOWS\SYSTEM32\USERENV.dll
0x00007ffe06380000 - 0x00007ffe063a6000 	C:\WINDOWS\SYSTEM32\bcrypt.dll
0x00007ffe05a90000 - 0x00007ffe05a9c000 	C:\WINDOWS\SYSTEM32\CRYPTBASE.dll
0x00007ffe04d50000 - 0x00007ffe04d83000 	C:\WINDOWS\SYSTEM32\IPHLPAPI.DLL
0x00007ffe07d20000 - 0x00007ffe07d2a000 	C:\WINDOWS\System32\NSI.dll
0x00007ffdb9740000 - 0x00007ffdb9789000 	C:\Users\DELL\AppData\Local\Temp\jna-2094529\jna2699866796147585061.dll
0x00007ffe070c0000 - 0x00007ffe070c8000 	C:\WINDOWS\System32\PSAPI.DLL
0x00007ffe00b60000 - 0x00007ffe00b7f000 	C:\WINDOWS\SYSTEM32\dhcpcsvc6.DLL
0x00007ffe00b30000 - 0x00007ffe00b55000 	C:\WINDOWS\SYSTEM32\dhcpcsvc.DLL

dbghelp: loaded successfully - version: 4.0.5 - missing functions: none
symbol engine: initialized successfully - sym options: 0x614 - pdb path: .;c:\Users\DELL\.vscode\extensions\redhat.java-1.41.1-win32-x64\jre\21.0.6-win32-x86_64\bin;C:\WINDOWS\SYSTEM32;C:\WINDOWS\WinSxS\amd64_microsoft.windows.common-controls_6595b64144ccf1df_6.0.26100.3624_none_3e086962e3345f24;c:\Users\DELL\.vscode\extensions\redhat.java-1.41.1-win32-x64\jre\21.0.6-win32-x86_64\bin\server;C:\Users\DELL\AppData\Roaming\Code\User\globalStorage\redhat.java\1.41.1\config_win\org.eclipse.equinox.launcher\org.eclipse.equinox.launcher.win32.win32.x86_64_1.2.1300.v20250331-1702;C:\Users\DELL\AppData\Local\Temp\jna-2094529

VM Arguments:
jvm_args: --add-modules=ALL-SYSTEM --add-opens=java.base/java.util=ALL-UNNAMED --add-opens=java.base/java.lang=ALL-UNNAMED --add-opens=java.base/sun.nio.fs=ALL-UNNAMED -Declipse.application=org.eclipse.jdt.ls.core.id1 -Dosgi.bundles.defaultStartLevel=4 -Declipse.product=org.eclipse.jdt.ls.core.product -Djava.import.generatesMetadataFilesAtProjectRoot=false -DDetectVMInstallationsJob.disabled=true -Dfile.encoding=utf8 -XX:+UseParallelGC -XX:GCTimeRatio=4 -XX:AdaptiveSizePolicyWeight=90 -Dsun.zip.disableMemoryMapping=true -Xmx1G -Xms100m -Xlog:disable -javaagent:c:\Users\DELL\.vscode\extensions\redhat.java-1.41.1-win32-x64\lombok\lombok-1.18.36.jar -XX:+HeapDumpOnOutOfMemoryError -XX:HeapDumpPath=c:\Users\DELL\AppData\Roaming\Code\User\workspaceStorage\10034d9f1bb4afb6dbf02f64886c4731\redhat.java -Daether.dependencyCollector.impl=bf 
java_command: c:\Users\DELL\.vscode\extensions\redhat.java-1.41.1-win32-x64\server\plugins\org.eclipse.equinox.launcher_1.7.0.v20250331-1702.jar -configuration c:\Users\DELL\AppData\Roaming\Code\User\globalStorage\redhat.java\1.41.1\config_win -data c:\Users\DELL\AppData\Roaming\Code\User\workspaceStorage\10034d9f1bb4afb6dbf02f64886c4731\redhat.java\jdt_ws --pipe=\\.\pipe\lsp-e6a9f623f3bdd4897c3c4a3bf29843aa-sock
java_class_path (initial): c:\Users\DELL\.vscode\extensions\redhat.java-1.41.1-win32-x64\server\plugins\org.eclipse.equinox.launcher_1.7.0.v20250331-1702.jar
Launcher Type: SUN_STANDARD

[Global flags]
    uintx AdaptiveSizePolicyWeight                 = 90                                        {product} {command line}
     intx CICompilerCount                          = 4                                         {product} {ergonomic}
    uintx GCTimeRatio                              = 4                                         {product} {command line}
     bool HeapDumpOnOutOfMemoryError               = true                                   {manageable} {command line}
    ccstr HeapDumpPath                             = c:\Users\DELL\AppData\Roaming\Code\User\workspaceStorage\10034d9f1bb4afb6dbf02f64886c4731\redhat.java         {manageable} {command line}
   size_t InitialHeapSize                          = 104857600                                 {product} {command line}
   size_t MaxHeapSize                              = 1073741824                                {product} {command line}
   size_t MaxNewSize                               = 357564416                                 {product} {ergonomic}
   size_t MinHeapDeltaBytes                        = 524288                                    {product} {ergonomic}
   size_t MinHeapSize                              = 104857600                                 {product} {command line}
   size_t NewSize                                  = 34603008                                  {product} {ergonomic}
    uintx NonNMethodCodeHeapSize                   = 5839372                                {pd product} {ergonomic}
    uintx NonProfiledCodeHeapSize                  = 122909434                              {pd product} {ergonomic}
   size_t OldSize                                  = 70254592                                  {product} {ergonomic}
    uintx ProfiledCodeHeapSize                     = 122909434                              {pd product} {ergonomic}
    uintx ReservedCodeCacheSize                    = 251658240                              {pd product} {ergonomic}
     bool SegmentedCodeCache                       = true                                      {product} {ergonomic}
   size_t SoftMaxHeapSize                          = 1073741824                             {manageable} {ergonomic}
     bool UseCompressedOops                        = true                           {product lp64_product} {ergonomic}
     bool UseLargePagesIndividualAllocation        = false                                  {pd product} {ergonomic}
     bool UseParallelGC                            = true                                      {product} {command line}

Logging:
Log output configuration:
 #0: stdout all=off uptime,level,tags foldmultilines=false
 #1: stderr all=off uptime,level,tags foldmultilines=false

Environment Variables:
JAVA_HOME=C:\Program Files\Java\jdk-17
PATH=C:\Program Files\Common Files\Oracle\Java\javapath;C:\Program Files\Eclipse Adoptium\jdk-21.0.5.11-hotspot\bin;C:\Python312\Scripts\;C:\Python312\;C:\WINDOWS\system32;C:\WINDOWS;C:\WINDOWS\System32\Wbem;C:\WINDOWS\System32\WindowsPowerShell\v1.0\;C:\WINDOWS\System32\OpenSSH\;C:\Program Files\dotnet\;C:\Program Files\Microsoft SQL Server\150\Tools\Binn\;C:\Program Files\Microsoft SQL Server\Client SDK\ODBC\170\Tools\Binn\;C:\Program Files (x86)\Microsoft SQL Server\160\Tools\Binn\;C:\Program Files\Microsoft SQL Server\160\Tools\Binn\;C:\Program Files\Microsoft SQL Server\160\DTS\Binn\;C:\Program Files (x86)\Microsoft SQL Server\160\DTS\Binn\;C:\ProgramData\chocolatey\bin;C:\Program Files\Git\cmd;C:\Users\DELL\AppData\Roaming\nvm;C:\Program Files\nodejs;C:\Program Files\nodejs\;C:\Program Files\MongoDB\Server\8.0\bin;C:\Users\DELL\AppData\Local\Android\Sdk\platform-tools;C:\Users\DELL\AppData\Local\Android\Sdk\tools;C:\Users\DELL\AppData\Local\jdk-11.0.2\bin;C:\Users\DELL\AppData\Local\Microsoft\WindowsApps;C:\Users\DELL\AppData\Local\Programs\Microsoft VS Code\bin;C:\Users\DELL\.dotnet\tools;C:\Users\DELL\AppData\Roaming\nvm;C:\Program Files\nodejs;C:\Users\DELL\AppData\Roaming\npm;C:\Users\DELL\AppData\Local\Programs\mongosh\;
USERNAME=DELL
OS=Windows_NT
PROCESSOR_IDENTIFIER=Intel64 Family 6 Model 140 Stepping 1, GenuineIntel
TMP=C:\Users\DELL\AppData\Local\Temp
TEMP=C:\Users\DELL\AppData\Local\Temp




Periodic native trim disabled

---------------  S Y S T E M  ---------------

OS:
 Windows 11 , 64 bit Build 26100 (10.0.26100.3775)
OS uptime: 8 days 23:14 hours
Hyper-V role detected

CPU: total 8 (initial active 8) (4 cores per cpu, 2 threads per core) family 6 model 140 stepping 1 microcode 0xba, cx8, cmov, fxsr, ht, mmx, 3dnowpref, sse, sse2, sse3, ssse3, sse4.1, sse4.2, popcnt, lzcnt, tsc, tscinvbit, avx, avx2, aes, erms, clmul, bmi1, bmi2, adx, avx512f, avx512dq, avx512cd, avx512bw, avx512vl, sha, fma, vzeroupper, avx512_vpopcntdq, avx512_vpclmulqdq, avx512_vaes, avx512_vnni, clflush, clflushopt, clwb, avx512_vbmi2, avx512_vbmi, hv, rdtscp, rdpid, fsrm, gfni, avx512_bitalg, f16c, cet_ibt, cet_ss, avx512_ifma
Processor Information for the first 8 processors :
  Max Mhz: 2419, Current Mhz: 2419, Mhz Limit: 2419

Memory: 4k page, system-wide physical 7926M (720M free)
TotalPageFile size 32502M (AvailPageFile size 17M)
current process WorkingSet (physical memory assigned to process): 560M, peak: 560M
current process commit charge ("private bytes"): 494M, peak: 916M

vm_info: OpenJDK 64-Bit Server VM (21.0.6+7-LTS) for windows-amd64 JRE (21.0.6+7-LTS), built on 2025-01-21T00:00:00Z by "admin" with MS VC++ 17.7 (VS2022)

END.
